<?xml version="1.0" encoding="UTF-8"?>
<!-- Generated by org.testng.reporters.JUnitReportReporter -->
<testsuite skipped="0" hostname="Lenovo-PC" name="com.actitime.Scripts.LoginTest" tests="1" failures="0" timestamp="27 Sep 2018 17:47:59 GMT" time="5.307" errors="0">
  <testcase name="invalidLoginTest" time="5.307" classname="com.actitime.Scripts.LoginTest"/>
</testsuite> <!-- com.actitime.Scripts.LoginTest -->
